s:\ood\forp1\project1\xmldocument\xmldocument\debug\xmldocument.pdb
s:\ood\forp1\project1\xmldocument\xmldocument\debug\xmldocument.idb
s:\ood\forp1\project1\xmldocument\xmldocument\debug\tokenizer.obj
s:\ood\forp1\project1\xmldocument\xmldocument\debug\xmlelementparts.obj
s:\ood\forp1\project1\xmldocument\xmldocument\debug\xmlelement.obj
s:\ood\forp1\project1\xmldocument\xmldocument\debug\xmlparser.obj
s:\ood\forp1\project1\xmldocument\xmldocument\debug\xmldocument.obj
s:\ood\submissions\project1\xmldocument\xmldocument\debug\xmldocument.pdb
s:\ood\submissions\project1\xmldocument\xmldocument\debug\xmldocument.idb
s:\ood\submissions\project1\xmldocument\xmldocument\debug\tokenizer.obj
s:\ood\submissions\project1\xmldocument\xmldocument\debug\xmlelementparts.obj
s:\ood\submissions\project1\xmldocument\xmldocument\debug\xmlelement.obj
s:\ood\submissions\project1\xmldocument\xmldocument\debug\xmlparser.obj
s:\ood\submissions\project1\xmldocument\xmldocument\debug\xmldocument.obj
s:\ood\forp1\project1\debug\xmldocument.lib
s:\ood\submissions\project1\debug\xmldocument.lib
s:\ood\ood\forp1\project1\debug\xmldocument.pdb
s:\ood\ood\forp1\project1\xmldocument\xmldocument\debug\xmldocument.tlog\cl.command.1.tlog
s:\ood\ood\forp1\project1\xmldocument\xmldocument\debug\xmldocument.tlog\cl.read.1.tlog
s:\ood\ood\forp1\project1\xmldocument\xmldocument\debug\xmldocument.tlog\cl.write.1.tlog
s:\ood\ood\forp1\project1\xmldocument\xmldocument\debug\xmldocument.tlog\lib-link.read.1.tlog
s:\ood\ood\forp1\project1\xmldocument\xmldocument\debug\xmldocument.tlog\lib-link.write.1.tlog
s:\ood\ood\forp1\project1\xmldocument\xmldocument\debug\xmldocument.tlog\lib.command.1.tlog
