s:\ood\forp1\project1\nosqldb\debug\vc140.pdb
s:\ood\forp1\project1\nosqldb\debug\vc140.idb
s:\ood\forp1\project1\nosqldb\debug\nosqldb.obj
s:\ood\forp1\project1\nosqldb\debug\query.obj
s:\ood\forp1\project1\nosqldb\debug\testexecutive.obj
s:\ood\submissions\project1\nosqldb\debug\vc140.pdb
s:\ood\submissions\project1\nosqldb\debug\vc140.idb
s:\ood\submissions\project1\nosqldb\debug\query.obj
s:\ood\submissions\project1\nosqldb\debug\testexecutive.obj
s:\ood\submissions\project1\nosqldb\debug\nosqldb.obj
s:\ood\forp1\project1\debug\nosqldb.ilk
s:\ood\forp1\project1\debug\nosqldb.exe
s:\ood\forp1\project1\debug\nosqldb.pdb
s:\ood\submissions\project1\debug\nosqldb.ilk
s:\ood\submissions\project1\debug\nosqldb.exe
s:\ood\submissions\project1\debug\nosqldb.pdb
s:\ood\ood\forp1\project1\nosqldb\debug\nosqldb.vcxprojresolveassemblyreference.cache
s:\ood\ood\forp1\project1\nosqldb\debug\nosqldb.tlog\cl.command.1.tlog
s:\ood\ood\forp1\project1\nosqldb\debug\nosqldb.tlog\cl.read.1.tlog
s:\ood\ood\forp1\project1\nosqldb\debug\nosqldb.tlog\cl.write.1.tlog
s:\ood\ood\forp1\project1\nosqldb\debug\nosqldb.tlog\link.command.1.tlog
s:\ood\ood\forp1\project1\nosqldb\debug\nosqldb.tlog\link.read.1.tlog
s:\ood\ood\forp1\project1\nosqldb\debug\nosqldb.tlog\link.write.1.tlog
